<?xml version="1.0" encoding="UTF-8"?>
<!-- Generated by org.testng.reporters.JUnitReportReporter -->
<testsuite hostname="DESKTOP-HFOS23S" failures="0" tests="11" name="com.automation.tests.AutomationScripts" time="100.004" errors="0" timestamp="2023-06-16T23:24:47 CDT" skipped="10">
  <testcase classname="com.automation.tests.AutomationScripts" name="TestId_TC10" time="100.004"/>
  <system-out/>
  <testcase classname="com.automation.tests.AutomationScripts" name="check_remember_me_3">
    <skipped/>
  </testcase> <!-- check_remember_me_3 -->
  <system-out/>
  <testcase classname="com.automation.tests.AutomationScripts" name="TestId_TC09">
    <skipped/>
  </testcase> <!-- TestId_TC09 -->
  <system-out/>
  <testcase classname="com.automation.tests.AutomationScripts" name="TestId_TC08">
    <skipped/>
  </testcase> <!-- TestId_TC08 -->
  <system-out/>
  <testcase classname="com.automation.tests.AutomationScripts" name="TestId_TC07">
    <skipped/>
  </testcase> <!-- TestId_TC07 -->
  <system-out/>
  <testcase classname="com.automation.tests.AutomationScripts" name="TestId_TC06">
    <skipped/>
  </testcase> <!-- TestId_TC06 -->
  <system-out/>
  <testcase classname="com.automation.tests.AutomationScripts" name="login_to_SalesForce_2">
    <skipped/>
  </testcase> <!-- login_to_SalesForce_2 -->
  <system-out/>
  <testcase classname="com.automation.tests.AutomationScripts" name="forgot_Password_4B">
    <skipped/>
  </testcase> <!-- forgot_Password_4B -->
  <system-out/>
  <testcase classname="com.automation.tests.AutomationScripts" name="TestId_TC05">
    <skipped/>
  </testcase> <!-- TestId_TC05 -->
  <system-out/>
  <testcase classname="com.automation.tests.AutomationScripts" name="login_Error_Message_1">
    <skipped/>
  </testcase> <!-- login_Error_Message_1 -->
  <system-out/>
  <testcase classname="com.automation.tests.AutomationScripts" name="forgot_Password_4A">
    <skipped/>
  </testcase> <!-- forgot_Password_4A -->
  <system-out/>
</testsuite> <!-- com.automation.tests.AutomationScripts -->
