<?xml version="1.0" encoding="UTF-8"?>
<!-- Generated by org.testng.reporters.JUnitReportReporter -->
<testsuite hostname="DESKTOP-HFOS23S" failures="0" tests="2" name="com.automation.tests.AutomationScripts" time="40.559" errors="0" timestamp="2023-12-12T20:39:05 CST" skipped="1">
  <testcase classname="com.automation.tests.AutomationScripts" name="TestId_TC36" time="40.559"/>
  <system-out/>
  <testcase classname="com.automation.tests.AutomationScripts" name="TestId_TC09">
    <skipped/>
  </testcase> <!-- TestId_TC09 -->
  <system-out/>
</testsuite> <!-- com.automation.tests.AutomationScripts -->
